[0m17:54:34.972162 [debug] [MainThread]: Sending event: {'category': 'dbt', 'action': 'invocation', 'label': 'start', 'context': [<snowplow_tracker.self_describing_json.SelfDescribingJson object at 0x7fdb30811ab0>, <snowplow_tracker.self_describing_json.SelfDescribingJson object at 0x7fdb2f20ad10>, <snowplow_tracker.self_describing_json.SelfDescribingJson object at 0x7fdb2f20ada0>]}


============================== 17:54:34.991211 | b92593cd-96f5-43dc-a0bd-8f1511eae7b3 ==============================
[0m17:54:34.991211 [info ] [MainThread]: Running with dbt=1.5.1
[0m17:54:34.992340 [debug] [MainThread]: running dbt with arguments {'printer_width': '80', 'indirect_selection': 'eager', 'write_json': 'True', 'log_cache_events': 'False', 'partial_parse': 'True', 'cache_selected_only': 'False', 'profiles_dir': '/home/codespace/.dbt', 'fail_fast': 'False', 'debug': 'False', 'log_path': 'logs', 'version_check': 'True', 'warn_error': 'None', 'use_colors': 'True', 'use_experimental_parser': 'False', 'no_print': 'None', 'quiet': 'False', 'log_format': 'default', 'static_parser': 'True', 'warn_error_options': 'WarnErrorOptions(include=[], exclude=[])', 'introspect': 'True', 'target_path': 'None', 'send_anonymous_usage_stats': 'True'}
[0m17:54:34.993019 [warn ] [MainThread]: [ConfigFolderDirectory]: Unable to parse dict {'dir': PosixPath('/home/codespace/.dbt')}
[0m17:54:34.993761 [info ] [MainThread]: Creating dbt configuration folder at 
[0m17:54:34.995471 [debug] [MainThread]: Starter project path: /workspaces/codespaces-blank/.venv/lib/python3.10/site-packages/dbt/include/starter_project
[0m17:54:50.122972 [info ] [MainThread]: Profile onestack written to /home/codespace/.dbt/profiles.yml using target's sample configuration. Once updated, you'll be able to start developing with dbt.
[0m17:54:50.124139 [info ] [MainThread]: 
Your new dbt project "onestack" was created!

For more information on how to configure the profiles.yml file,
please consult the dbt documentation here:

  https://docs.getdbt.com/docs/configure-your-profile

One more thing:

Need help? Don't hesitate to reach out to us via GitHub issues or on Slack:

  https://community.getdbt.com/

Happy modeling!

[0m17:54:50.125501 [debug] [MainThread]: Command `dbt init` succeeded at 17:54:50.125299 after 15.16 seconds
[0m17:54:50.126035 [debug] [MainThread]: Sending event: {'category': 'dbt', 'action': 'invocation', 'label': 'end', 'context': [<snowplow_tracker.self_describing_json.SelfDescribingJson object at 0x7fdb30811ab0>, <snowplow_tracker.self_describing_json.SelfDescribingJson object at 0x7fdb2f29f8b0>, <snowplow_tracker.self_describing_json.SelfDescribingJson object at 0x7fdb2f29ca30>]}
[0m17:54:50.126609 [debug] [MainThread]: Flushing usage events
